<?xml version="1.0" encoding="UTF-8"?>
<!-- Generated by org.testng.reporters.JUnitXMLReporter -->
<testsuite ignored="0" hostname="DESKTOP-0INDAG6" failures="1" tests="5" name="Test" time="29.982" errors="0" timestamp="2025-01-21T17:48:04 IST">
  <testcase classname="YufoodsNew.yufoods.CartPage" name="TC_01" time="3.258"/>
  <testcase classname="YufoodsNew.yufoods.CartPage" name="TC_02" time="7.165"/>
  <testcase classname="YufoodsNew.yufoods.CartPage" name="TC_03" time="6.037"/>
  <testcase classname="YufoodsNew.yufoods.CartPage" name="TC_04" time="3.628"/>
  <testcase classname="YufoodsNew.yufoods.CartPage" name="TC_05" time="1.194">
    <failure type="java.lang.AssertionError" message="Error in TC_05:element click intercepted: Element &amp;lt;input class=&amp;quot;ajax-cart__button-submit&amp;quot; type=&amp;quot;submit&amp;quot; name=&amp;quot;checkout&amp;quot; id=&amp;quot;checkout&amp;quot; value=&amp;quot;Check Out&amp;quot;&amp;gt; is not clickable at point (1317, 579). Other element would receive the click: &amp;lt;div id=&amp;quot;sticky-cart&amp;quot; class=&amp;quot;js-sticky-cart&amp;quot;&amp;gt;...&amp;lt;/div&amp;gt;
  (Session info: chrome=131.0.6778.265)
Build info: version: &amp;apos;4.10.0&amp;apos;, revision: &amp;apos;c14d967899&amp;apos;
System info: os.name: &amp;apos;Windows 11&amp;apos;, os.arch: &amp;apos;amd64&amp;apos;, os.version: &amp;apos;10.0&amp;apos;, java.version: &amp;apos;17.0.7&amp;apos;
Driver info: org.openqa.selenium.chrome.ChromeDriver
Command: [1e475a4268dee112e1a83f6ce00eae5e, clickElement {id=f.3545D755AF9989B10F98C2F842443955.d.98D7FED4E98A4ED768FE6669F476E747.e.3482}]
Capabilities {acceptInsecureCerts: false, browserName: chrome, browserVersion: 131.0.6778.265, chrome: {chromedriverVersion: 131.0.6778.264 (2d05e315153..., userDataDir: C:\Users\LYXELF~1\AppData\L...}, fedcm:accounts: true, goog:chromeOptions: {debuggerAddress: localhost:65252}, networkConnectionEnabled: false, pageLoadStrategy: normal, platformName: windows, proxy: Proxy(), se:cdp: ws://localhost:65252/devtoo..., se:cdpVersion: 131.0.6778.265, setWindowRect: true, strictFileInteractability: false, timeouts: {implicit: 0, pageLoad: 300000, script: 30000}, unhandledPromptBehavior: dismiss and notify, webauthn:extension:credBlob: true, webauthn:extension:largeBlob: true, webauthn:extension:minPinLength: true, webauthn:extension:prf: true, webauthn:virtualAuthenticators: true}
Element: [[ChromeDriver: chrome on windows (1e475a4268dee112e1a83f6ce00eae5e)] -&amp;gt; name: checkout]
Session ID: 1e475a4268dee112e1a83f6ce00eae5e">
      <![CDATA[java.lang.AssertionError: Error in TC_05:element click intercepted: Element <input class="ajax-cart__button-submit" type="submit" name="checkout" id="checkout" value="Check Out"> is not clickable at point (1317, 579). Other element would receive the click: <div id="sticky-cart" class="js-sticky-cart">...</div>
  (Session info: chrome=131.0.6778.265)
Build info: version: '4.10.0', revision: 'c14d967899'
System info: os.name: 'Windows 11', os.arch: 'amd64', os.version: '10.0', java.version: '17.0.7'
Driver info: org.openqa.selenium.chrome.ChromeDriver
Command: [1e475a4268dee112e1a83f6ce00eae5e, clickElement {id=f.3545D755AF9989B10F98C2F842443955.d.98D7FED4E98A4ED768FE6669F476E747.e.3482}]
Capabilities {acceptInsecureCerts: false, browserName: chrome, browserVersion: 131.0.6778.265, chrome: {chromedriverVersion: 131.0.6778.264 (2d05e315153..., userDataDir: C:\Users\LYXELF~1\AppData\L...}, fedcm:accounts: true, goog:chromeOptions: {debuggerAddress: localhost:65252}, networkConnectionEnabled: false, pageLoadStrategy: normal, platformName: windows, proxy: Proxy(), se:cdp: ws://localhost:65252/devtoo..., se:cdpVersion: 131.0.6778.265, setWindowRect: true, strictFileInteractability: false, timeouts: {implicit: 0, pageLoad: 300000, script: 30000}, unhandledPromptBehavior: dismiss and notify, webauthn:extension:credBlob: true, webauthn:extension:largeBlob: true, webauthn:extension:minPinLength: true, webauthn:extension:prf: true, webauthn:virtualAuthenticators: true}
Element: [[ChromeDriver: chrome on windows (1e475a4268dee112e1a83f6ce00eae5e)] -> name: checkout]
Session ID: 1e475a4268dee112e1a83f6ce00eae5e
at YufoodsNew.yufoods.CartPage.TC_05(CartPage.java:135)
at java.base/java.util.ArrayList.forEach(ArrayList.java:1511)
... Removed 28 stack frames]]>
    </failure>
  </testcase> <!-- TC_05 -->
</testsuite> <!-- Test -->
